2019-07-03 21:25:56,440 INFO TEST - Getting NSX Stub
2019-07-03 21:25:56,455 INFO TEST - Registering NSX with VC
2019-07-03 21:25:56,455 INFO Getting Certificate Thumberin from VC 10.172.109.23
2019-07-03 21:26:01,225 INFO THREAD - get_certificate_value - The Certificate for VC 75:14:C0:35:A4:81:A3:59:26:F4:7C:CD:4C:15:16:85:EF:07:B4:0B:90:4E:9C:F6:B7:FA:DC:B5:F0:B4:48:C1 
2019-07-03 21:26:01,294 INFO The thumbprint for 10.172.109.23 is 75:14:C0:35:A4:81:A3:59:26:F4:7C:CD:4C:15:16:85:EF:07:B4:0B:90:4E:9C:F6:B7:FA:DC:B5:F0:B4:48:C1
2019-07-03 21:26:01,295 INFO RegisterComputerManager - Resgister Compute Manager 10.172.109.23 in NSX Manager.
2019-07-03 21:26:02,441 INFO TEST - Deploying Controller.
2019-07-03 21:26:02,441 INFO Creating Controller Deployment Spec for Controller controller_1
2019-07-03 21:26:09,347 INFO Controller controller_1 Cluster domain-c33006
2019-07-03 21:26:12,531 INFO Controller controller_1 Host host-33012
2019-07-03 21:26:13,239 INFO Controller controller_1 Network network-33018
2019-07-03 21:26:13,770 INFO Controller controller_1 Datastore datastore-33015
2019-07-03 21:26:13,770 INFO Network Mob ID network-33018
2019-07-03 21:26:13,771 INFO Creating Controller Deployment Spec for Controller controller_0
2019-07-03 21:26:20,106 INFO Controller controller_0 Cluster domain-c33006
2019-07-03 21:26:23,766 INFO Controller controller_0 Host host-33012
2019-07-03 21:26:24,718 INFO Controller controller_0 Network network-33018
2019-07-03 21:26:25,220 INFO Controller controller_0 Datastore datastore-33015
2019-07-03 21:26:25,220 INFO Network Mob ID network-33018
2019-07-03 21:26:25,220 INFO Creating Controller Deployment Spec for Controller controller_2
2019-07-03 21:26:31,374 INFO Controller controller_2 Cluster domain-c33006
2019-07-03 21:26:34,336 INFO Controller controller_2 Host host-33012
2019-07-03 21:26:35,358 INFO Controller controller_2 Network network-33018
2019-07-03 21:26:36,280 INFO Controller controller_2 Datastore datastore-33015
2019-07-03 21:26:36,280 INFO Network Mob ID network-33018
2019-07-03 21:26:36,280 INFO Deployment Spec [ClusterNodeVMDeploymentRequest(deployment_config=VsphereClusterNodeVMDeploymentConfig(storage_id='datastore-33015', dns_servers=[u'10.172.40.1', u'10.172.40.2'], ntp_servers=[u'time.eng.vmware.com'], management_network_id='network-33018', hostname=u'sc2hs1-stls-vm19.eng.vmware.com', enable_ssh=True, compute_id='domain-c33006', vc_id='170afdd5-c672-4d3e-8373-0115e5569e11', management_port_subnets=[IPSubnet(ip_addresses=[u'10.173.203.49'], prefix_length=25)], default_gateway_addresses=[u'10.173.203.125'], host_id='host-33012', allow_ssh_root_login=True), roles=['CONTROLLER'], user_settings=NodeUserSettings(cli_password='Admin!23', audit_password='Admin!23', root_password='Admin!23', audit_username='admin', cli_username='admin'), form_factor=u'MEDIUM', vm_id=None), ClusterNodeVMDeploymentRequest(deployment_config=VsphereClusterNodeVMDeploymentConfig(storage_id='datastore-33015', dns_servers=[u'10.172.40.1', u'10.172.40.2'], ntp_servers=[u'time.eng.vmware.com'], management_network_id='network-33018', hostname=u'sc2hs1-stls-vm18.eng.vmware.com', enable_ssh=True, compute_id='domain-c33006', vc_id='170afdd5-c672-4d3e-8373-0115e5569e11', management_port_subnets=[IPSubnet(ip_addresses=[u'10.173.203.48'], prefix_length=25)], default_gateway_addresses=[u'10.173.203.125'], host_id='host-33012', allow_ssh_root_login=True), roles=['CONTROLLER'], user_settings=NodeUserSettings(cli_password='Admin!23', audit_password='Admin!23', root_password='Admin!23', audit_username='admin', cli_username='admin'), form_factor=u'MEDIUM', vm_id=None), ClusterNodeVMDeploymentRequest(deployment_config=VsphereClusterNodeVMDeploymentConfig(storage_id='datastore-33015', dns_servers=[u'10.172.40.1', u'10.172.40.2'], ntp_servers=[u'time.eng.vmware.com'], management_network_id='network-33018', hostname=u'sc2hs1-stls-vm20.eng.vmware.com', enable_ssh=True, compute_id='domain-c33006', vc_id='170afdd5-c672-4d3e-8373-0115e5569e11', management_port_subnets=[IPSubnet(ip_addresses=[u'10.173.203.50'], prefix_length=25)], default_gateway_addresses=[u'10.173.203.125'], host_id='host-33012', allow_ssh_root_login=True), roles=['CONTROLLER'], user_settings=NodeUserSettings(cli_password='Admin!23', audit_password='Admin!23', root_password='Admin!23', audit_username='admin', cli_username='admin'), form_factor=u'MEDIUM', vm_id=None)]
2019-07-03 21:26:36,281 INFO Starting to Deploy control cluster
2019-07-03 21:26:36,281 INFO Creating controller ...
2019-07-03 21:26:37,789 INFO Getting status for controller VM 5e246b0a-d3b4-4d2e-8735-53a294d17e05.
2019-07-03 21:26:38,123 INFO The status if controller 5e246b0a-d3b4-4d2e-8735-53a294d17e05 is VM_DEPLOYMENT_IN_PROGRESS
2019-07-03 21:26:38,123 INFO Sleeping for 90 seconds before polling for controller status.
2019-07-03 21:28:08,126 INFO Getting status for controller VM f8c9b34a-0ea3-4378-b898-c936ec753411.
2019-07-03 21:28:09,237 INFO The status if controller f8c9b34a-0ea3-4378-b898-c936ec753411 is WAITING_TO_REGISTER_VM
2019-07-03 21:28:09,238 INFO Sleeping for 90 seconds before polling for controller status.
2019-07-03 21:29:39,241 INFO Getting status for controller VM 4ad06146-4d36-4ecf-99b9-8f08774d3443.
2019-07-03 21:29:40,230 INFO The status if controller 4ad06146-4d36-4ecf-99b9-8f08774d3443 is VM_WAITING_TO_CLUSTER
2019-07-03 21:29:40,230 INFO Sleeping for 90 seconds before polling for controller status.
2019-07-03 21:31:10,233 INFO Getting status for controller VM 5e246b0a-d3b4-4d2e-8735-53a294d17e05.
2019-07-03 21:31:11,291 INFO The status if controller 5e246b0a-d3b4-4d2e-8735-53a294d17e05 is VM_WAITING_TO_CLUSTER
2019-07-03 21:31:11,291 INFO Sleeping for 90 seconds before polling for controller status.
2019-07-03 21:32:41,297 INFO Getting status for controller VM f8c9b34a-0ea3-4378-b898-c936ec753411.
2019-07-03 21:32:42,242 INFO The status if controller f8c9b34a-0ea3-4378-b898-c936ec753411 is VM_CLUSTERING_SUCCESSFUL
2019-07-03 21:32:42,242 INFO Sleeping for 90 seconds before polling for controller status.
2019-07-03 21:34:12,244 INFO Getting status for controller VM 5e246b0a-d3b4-4d2e-8735-53a294d17e05.
2019-07-03 21:34:13,307 INFO The status if controller 5e246b0a-d3b4-4d2e-8735-53a294d17e05 is VM_CLUSTERING_SUCCESSFUL
2019-07-03 21:34:13,307 INFO Sleeping for 90 seconds before polling for controller status.
2019-07-03 21:35:43,314 INFO Getting status for controller VM 4ad06146-4d36-4ecf-99b9-8f08774d3443.
2019-07-03 21:35:44,533 INFO The status if controller 4ad06146-4d36-4ecf-99b9-8f08774d3443 is VM_CLUSTERING_IN_PROGRESS
2019-07-03 21:35:44,533 INFO Sleeping for 90 seconds before polling for controller status.
2019-07-03 21:37:14,536 INFO Getting status for controller VM 4ad06146-4d36-4ecf-99b9-8f08774d3443.
2019-07-03 21:37:15,741 INFO The status if controller 4ad06146-4d36-4ecf-99b9-8f08774d3443 is VM_CLUSTERING_SUCCESSFUL
2019-07-03 21:37:15,742 INFO Sleeping for 90 seconds before polling for controller status.
2019-07-03 21:38:45,744 INFO Proceeding with Host Prep as 3 controllers got deployed
2019-07-03 21:38:45,748 INFO TEST - Create VTEP Pool.
2019-07-03 21:38:45,748 INFO CreateVtepIpPool - Creating VTEP pool
2019-07-03 21:38:46,908 INFO CreateVtepIpPool - VTEP Pools created {subnets : [IpPoolSubnet(links=None, dns_suffix=None, allocation_ranges=[IpPoolRange(end='172.168.100.100', links=None, self_=None, start='172.168.100.30', schema=None)], dns_nameservers=[], self_=None, gateway_ip=None, cidr='172.168.100.0/22', schema=None)], display_name : vtep-ip-pool, description : None, links : None, protection : NOT_PROTECTED, tags : None, pool_usage : None, id : 31ec070c-4bae-4efe-be19-5903af14956e, self_ : None, create_user : admin, create_time : 1562148577531, last_modified_user : admin, last_modified_time : 1562148577531, schema : None, system_owned : False, resource_type : IpPool, revision : 0} 
2019-07-03 21:38:46,910 INFO TEST - Create Transport Zones.
2019-07-03 21:38:47,199 INFO TEST - Get Compute Collections to be Prepped with NSX
2019-07-03 21:38:47,431 INFO GetComputeCollectionID - The compute ID for cloud_cluster_1 cluster is 170afdd5-c672-4d3e-8373-0115e5569e11:domain-c33036
2019-07-03 21:38:47,735 INFO GetComputeCollectionID - The compute ID for cloud_cluster_2 cluster is 170afdd5-c672-4d3e-8373-0115e5569e11:domain-c33035
2019-07-03 21:38:47,738 INFO TEST - Auto Install NSX on the Hosts in the clusters specified
2019-07-03 21:38:50,411 INFO AutoInstallNSX - Initiating on 170afdd5-c672-4d3e-8373-0115e5569e11:domain-c33036 - Response {auto_install_nsx : True, compute_collection_id : 170afdd5-c672-4d3e-8373-0115e5569e11:domain-c33036, display_name : compute_cluster_fabric_0, description : None, links : None, protection : NOT_PROTECTED, tags : None, id : a5583d6d-ab70-4c67-9915-4ab20af12c15, self_ : None, create_user : admin, create_time : 1562148578679, last_modified_user : admin, last_modified_time : 1562148578679, schema : None, system_owned : None, resource_type : None, revision : 0}
2019-07-03 21:38:53,870 INFO AutoInstallNSX - Initiating on 170afdd5-c672-4d3e-8373-0115e5569e11:domain-c33035 - Response {auto_install_nsx : True, compute_collection_id : 170afdd5-c672-4d3e-8373-0115e5569e11:domain-c33035, display_name : compute_cluster_fabric_1, description : None, links : None, protection : NOT_PROTECTED, tags : None, id : 34eca837-0176-494d-8df8-c332f93cb65b, self_ : None, create_user : admin, create_time : 1562148581348, last_modified_user : admin, last_modified_time : 1562148581348, schema : None, system_owned : None, resource_type : None, revision : 0}
2019-07-03 21:38:53,870 INFO AutoInstallNSX - Getting Status of Installation
2019-07-03 21:38:54,908 INFO CheckNSXFabricInstall - sc2hs1-stls-vm08.eng.vmware.com - INSTALL_IN_PROGRESS
2019-07-03 21:38:55,509 INFO CheckNSXFabricInstall - sc2hs1-stls-vm04.eng.vmware.com - INSTALL_IN_PROGRESS
2019-07-03 21:38:56,123 INFO CheckNSXFabricInstall - sc2hs1-stls-vm05.eng.vmware.com - INSTALL_IN_PROGRESS
2019-07-03 21:38:56,700 INFO CheckNSXFabricInstall - sc2hs1-stls-vm03.eng.vmware.com - INSTALL_IN_PROGRESS
2019-07-03 21:38:57,352 INFO CheckNSXFabricInstall - sc2hs1-stls-vm06.eng.vmware.com - INSTALL_IN_PROGRESS
2019-07-03 21:38:57,893 INFO CheckNSXFabricInstall - sc2hs1-stls-vm02.eng.vmware.com - INSTALL_IN_PROGRESS
2019-07-03 21:38:58,479 INFO CheckNSXFabricInstall - sc2hs1-stls-vm01.eng.vmware.com - INSTALL_IN_PROGRESS
2019-07-03 21:38:59,033 INFO CheckNSXFabricInstall - sc2hs1-stls-vm07.eng.vmware.com - INSTALL_IN_PROGRESS
2019-07-03 21:38:59,605 INFO CheckNSXFabricInstall - sc2hs1-stls-vm16.eng.vmware.com - INSTALL_IN_PROGRESS
2019-07-03 21:39:00,219 INFO CheckNSXFabricInstall - sc2hs1-stls-vm15.eng.vmware.com - INSTALL_IN_PROGRESS
2019-07-03 21:39:00,835 INFO CheckNSXFabricInstall - sc2hs1-stls-vm09.eng.vmware.com - INSTALL_IN_PROGRESS
2019-07-03 21:39:01,448 INFO CheckNSXFabricInstall - sc2hs1-stls-vm12.eng.vmware.com - INSTALL_IN_PROGRESS
2019-07-03 21:39:01,983 INFO CheckNSXFabricInstall - sc2hs1-stls-vm14.eng.vmware.com - INSTALL_IN_PROGRESS
2019-07-03 21:39:02,472 INFO CheckNSXFabricInstall - sc2hs1-stls-vm11.eng.vmware.com - INSTALL_IN_PROGRESS
2019-07-03 21:39:03,016 INFO CheckNSXFabricInstall - sc2hs1-stls-vm10.eng.vmware.com - INSTALL_IN_PROGRESS
2019-07-03 21:39:03,597 INFO CheckNSXFabricInstall - sc2hs1-stls-vm13.eng.vmware.com - INSTALL_IN_PROGRESS
2019-07-03 21:39:03,597 INFO Sleeping for 75 seconds before Next Polling
2019-07-03 21:40:19,992 INFO CheckNSXFabricInstall - sc2hs1-stls-vm08.eng.vmware.com - INSTALL_IN_PROGRESS
2019-07-03 21:40:20,534 INFO CheckNSXFabricInstall - sc2hs1-stls-vm04.eng.vmware.com - INSTALL_IN_PROGRESS
2019-07-03 21:40:21,116 INFO CheckNSXFabricInstall - sc2hs1-stls-vm05.eng.vmware.com - INSTALL_IN_PROGRESS
2019-07-03 21:40:21,580 INFO CheckNSXFabricInstall - sc2hs1-stls-vm03.eng.vmware.com - INSTALL_IN_PROGRESS
2019-07-03 21:40:22,140 INFO CheckNSXFabricInstall - sc2hs1-stls-vm06.eng.vmware.com - INSTALL_IN_PROGRESS
2019-07-03 21:40:22,608 INFO CheckNSXFabricInstall - sc2hs1-stls-vm02.eng.vmware.com - INSTALL_IN_PROGRESS
2019-07-03 21:40:23,080 INFO CheckNSXFabricInstall - sc2hs1-stls-vm01.eng.vmware.com - INSTALL_IN_PROGRESS
2019-07-03 21:40:23,694 INFO CheckNSXFabricInstall - sc2hs1-stls-vm07.eng.vmware.com - INSTALL_IN_PROGRESS
2019-07-03 21:40:24,222 INFO CheckNSXFabricInstall - sc2hs1-stls-vm16.eng.vmware.com - INSTALL_IN_PROGRESS
2019-07-03 21:40:24,806 INFO CheckNSXFabricInstall - sc2hs1-stls-vm15.eng.vmware.com - INSTALL_IN_PROGRESS
2019-07-03 21:40:25,419 INFO CheckNSXFabricInstall - sc2hs1-stls-vm09.eng.vmware.com - INSTALL_IN_PROGRESS
2019-07-03 21:40:26,033 INFO CheckNSXFabricInstall - sc2hs1-stls-vm12.eng.vmware.com - INSTALL_IN_PROGRESS
2019-07-03 21:40:26,647 INFO CheckNSXFabricInstall - sc2hs1-stls-vm14.eng.vmware.com - INSTALL_IN_PROGRESS
2019-07-03 21:40:27,190 INFO CheckNSXFabricInstall - sc2hs1-stls-vm11.eng.vmware.com - INSTALL_IN_PROGRESS
2019-07-03 21:40:27,774 INFO CheckNSXFabricInstall - sc2hs1-stls-vm10.eng.vmware.com - INSTALL_IN_PROGRESS
2019-07-03 21:40:28,389 INFO CheckNSXFabricInstall - sc2hs1-stls-vm13.eng.vmware.com - INSTALL_IN_PROGRESS
2019-07-03 21:40:28,389 INFO Sleeping for 75 seconds before Next Polling
2019-07-03 21:41:44,997 INFO CheckNSXFabricInstall - sc2hs1-stls-vm08.eng.vmware.com - INSTALL_IN_PROGRESS
2019-07-03 21:41:45,600 INFO CheckNSXFabricInstall - sc2hs1-stls-vm04.eng.vmware.com - INSTALL_IN_PROGRESS
2019-07-03 21:41:46,149 INFO CheckNSXFabricInstall - sc2hs1-stls-vm05.eng.vmware.com - INSTALL_IN_PROGRESS
2019-07-03 21:41:46,726 INFO CheckNSXFabricInstall - sc2hs1-stls-vm03.eng.vmware.com - INSTALL_IN_PROGRESS
2019-07-03 21:41:47,238 INFO CheckNSXFabricInstall - sc2hs1-stls-vm06.eng.vmware.com - INSTALL_IN_PROGRESS
2019-07-03 21:41:47,784 INFO CheckNSXFabricInstall - sc2hs1-stls-vm02.eng.vmware.com - INSTALL_IN_PROGRESS
2019-07-03 21:41:48,371 INFO CheckNSXFabricInstall - sc2hs1-stls-vm01.eng.vmware.com - INSTALL_IN_PROGRESS
2019-07-03 21:41:48,913 INFO CheckNSXFabricInstall - sc2hs1-stls-vm07.eng.vmware.com - INSTALL_IN_PROGRESS
2019-07-03 21:41:49,385 INFO CheckNSXFabricInstall - sc2hs1-stls-vm16.eng.vmware.com - INSTALL_IN_PROGRESS
2019-07-03 21:41:50,004 INFO CheckNSXFabricInstall - sc2hs1-stls-vm15.eng.vmware.com - INSTALL_IN_PROGRESS
2019-07-03 21:41:50,618 INFO CheckNSXFabricInstall - sc2hs1-stls-vm09.eng.vmware.com - INSTALL_IN_PROGRESS
2019-07-03 21:41:51,232 INFO CheckNSXFabricInstall - sc2hs1-stls-vm12.eng.vmware.com - INSTALL_IN_PROGRESS
2019-07-03 21:41:51,777 INFO CheckNSXFabricInstall - sc2hs1-stls-vm14.eng.vmware.com - INSTALL_IN_PROGRESS
2019-07-03 21:41:52,256 INFO CheckNSXFabricInstall - sc2hs1-stls-vm11.eng.vmware.com - INSTALL_IN_PROGRESS
2019-07-03 21:41:52,871 INFO CheckNSXFabricInstall - sc2hs1-stls-vm10.eng.vmware.com - INSTALL_IN_PROGRESS
2019-07-03 21:41:53,396 INFO CheckNSXFabricInstall - sc2hs1-stls-vm13.eng.vmware.com - INSTALL_IN_PROGRESS
2019-07-03 21:41:53,396 INFO Sleeping for 75 seconds before Next Polling
2019-07-03 21:43:09,898 INFO CheckNSXFabricInstall - sc2hs1-stls-vm08.eng.vmware.com - Successful
2019-07-03 21:43:10,499 INFO CheckNSXFabricInstall - sc2hs1-stls-vm04.eng.vmware.com - Successful
2019-07-03 21:43:11,105 INFO CheckNSXFabricInstall - sc2hs1-stls-vm05.eng.vmware.com - Successful
2019-07-03 21:43:11,720 INFO CheckNSXFabricInstall - sc2hs1-stls-vm03.eng.vmware.com - Successful
2019-07-03 21:43:12,230 INFO CheckNSXFabricInstall - sc2hs1-stls-vm06.eng.vmware.com - Successful
2019-07-03 21:43:12,846 INFO CheckNSXFabricInstall - sc2hs1-stls-vm02.eng.vmware.com - Successful
2019-07-03 21:43:13,320 INFO CheckNSXFabricInstall - sc2hs1-stls-vm01.eng.vmware.com - Successful
2019-07-03 21:43:13,870 INFO CheckNSXFabricInstall - sc2hs1-stls-vm07.eng.vmware.com - Successful
2019-07-03 21:43:14,482 INFO CheckNSXFabricInstall - sc2hs1-stls-vm16.eng.vmware.com - Successful
2019-07-03 21:43:15,098 INFO CheckNSXFabricInstall - sc2hs1-stls-vm15.eng.vmware.com - Successful
2019-07-03 21:43:15,713 INFO CheckNSXFabricInstall - sc2hs1-stls-vm09.eng.vmware.com - Successful
2019-07-03 21:43:16,327 INFO CheckNSXFabricInstall - sc2hs1-stls-vm12.eng.vmware.com - Successful
2019-07-03 21:43:16,871 INFO CheckNSXFabricInstall - sc2hs1-stls-vm14.eng.vmware.com - Successful
2019-07-03 21:43:17,384 INFO CheckNSXFabricInstall - sc2hs1-stls-vm11.eng.vmware.com - Successful
2019-07-03 21:43:17,897 INFO CheckNSXFabricInstall - sc2hs1-stls-vm10.eng.vmware.com - Successful
2019-07-03 21:43:18,477 INFO CheckNSXFabricInstall - sc2hs1-stls-vm13.eng.vmware.com - Successful
2019-07-03 21:43:18,480 INFO TEST - Add Hosts to Transport Nodes
2019-07-03 21:43:18,481 INFO Initialize Creation of Transport Node for compute id 170afdd5-c672-4d3e-8373-0115e5569e11:domain-c33036
2019-07-03 21:43:18,723 INFO Initialize Creation of Transport Node for compute id 170afdd5-c672-4d3e-8373-0115e5569e11:domain-c33035
2019-07-03 21:43:19,501 INFO Sleeping for 60 seconds before initializing check for transport nodes creation
2019-07-03 21:44:20,759 INFO Getting Node State for Cluster 170afdd5-c672-4d3e-8373-0115e5569e11:domain-c33036
2019-07-03 21:44:20,760 INFO Transport Node creation Success for Host f6d01709-b139-4b63-aaf8-ba107a6a26a0.
2019-07-03 21:44:20,760 INFO Transport Node creation Success for Host 7b43da9f-ea92-45d0-af74-07d797ad0609.
2019-07-03 21:44:20,760 INFO Transport Node creation Success for Host 5fd74d7f-5405-42b0-9be6-ef5291e8e8d5.
2019-07-03 21:44:20,760 INFO Transport Node creation Success for Host 4c12e11b-2230-4b06-98ad-e543f7502eff.
2019-07-03 21:44:20,760 INFO Transport Node creation Success for Host 621aa211-e68e-46d4-ae5f-8416781873b6.
2019-07-03 21:44:20,760 INFO Transport Node creation Success for Host cecde286-1292-4f29-9ef4-b48c861a4509.
2019-07-03 21:44:20,760 INFO Transport Node creation Success for Host c00f33e7-3c34-44d6-aef9-5287f471abe0.
2019-07-03 21:44:20,761 INFO Transport Node creation Success for Host d0967501-aca8-4a4c-a168-cdf0e371ea6c.
2019-07-03 21:44:21,029 INFO Sleeping for 60 seconds before initializing check for transport nodes creation
2019-07-03 21:45:22,272 INFO Getting Node State for Cluster 170afdd5-c672-4d3e-8373-0115e5569e11:domain-c33035
2019-07-03 21:45:22,272 INFO Transport Node creation Success for Host b8dbd18e-1ebb-487b-88f3-cd8430644fa8.
2019-07-03 21:45:22,272 INFO Transport Node creation Success for Host 5e6475d9-d5d7-48e8-8729-182c61631428.
2019-07-03 21:45:22,272 INFO Transport Node creation Success for Host e6d76121-0a63-4302-aa8c-139d2683cdbd.
2019-07-03 21:45:22,272 INFO Transport Node creation Success for Host 2c261b45-747c-421a-ad37-242e70d8c284.
2019-07-03 21:45:22,272 INFO Transport Node creation Success for Host 8c026044-a553-40c6-8c85-f34fdc78b51a.
2019-07-03 21:45:22,273 INFO Transport Node creation Success for Host 10afd5cc-ffc2-4049-934a-0d89c7344414.
2019-07-03 21:45:22,273 INFO Transport Node creation Success for Host 0a22ec7c-63f8-43e4-b302-c81fbfcf19e5.
2019-07-03 21:45:22,273 INFO Transport Node creation Success for Host 727ce44f-b75e-4027-ae87-c6a0b6593010.
2019-07-03 21:45:22,275 INFO TEST - Deploy Edge 
2019-07-03 21:45:26,059 INFO Edge Appliance Cluster domain-c33006
2019-07-03 21:45:28,996 INFO Edge Host host-33012
2019-07-03 21:45:29,836 INFO Edge Network network-33018
2019-07-03 21:45:30,373 INFO Edge Datastore datastore-33015
2019-07-03 21:48:37,602 INFO TEST - Create Edge Uplink Profile
2019-07-03 21:48:43,358 INFO TEST - Add Edge as Transport Node
2019-07-03 21:48:44,138 INFO Edge Node in_progress deployment 
2019-07-03 21:49:15,590 INFO Edge Node success deployment is sucess
2019-07-03 21:49:15,593 INFO TEST - Create Edge Cluster
2019-07-03 21:49:15,593 INFO Creating Edge Cluster
2019-07-03 21:49:15,868 INFO TEST - Create DHCP Server Profile
2019-07-03 21:49:16,121 INFO TEST - Create DHCP Server.
2019-07-03 21:49:16,627 INFO TEST - Create DHCP Server IP Pool
2019-07-03 21:49:16,886 INFO TEST - Create Logical Switch for DHCP
2019-07-03 21:49:17,303 INFO TEST - Create Port on Logical Switch for DHCP
